{"level":"debug","time":"2023-08-11T15:47:22.414+0530","caller":"ulimit/ulimit.go:35","msg":"File descriptor limit 61440"}
{"level":"info","time":"2023-08-11T15:47:22.950+0530","caller":"cmd/lt.go:183","msg":"LambdaTest Tunnel version: 3.1.31"}
{"level":"debug","time":"2023-08-11T15:47:22.951+0530","caller":"core/lifecycle.go:41","msg":"Starting pipeline....."}
{"level":"debug","time":"2023-08-11T15:47:22.951+0530","caller":"core/lifecycle.go:42","msg":"OS: darwin, Arch: amd64"}
{"level":"debug","time":"2023-08-11T15:47:22.951+0530","caller":"core/lifecycle.go:43","msg":"Fetching config"}
{"level":"warn","time":"2023-08-11T15:47:22.951+0530","caller":"configmanager/setup.go:79","msg":"Tunnel Name was not specified, using: 7a5f2668-e3ea-4408-8df4-f14566ffafd7"}
{"level":"debug","time":"2023-08-11T15:47:22.952+0530","caller":"core/lifecycle.go:65","msg":"Starting tunnel With flags: --user mohammadk --key ***** --infoAPIPort 61541 --callbackURL http://127.0.0.1:61542"}
{"level":"debug","time":"2023-08-11T15:47:24.231+0530","caller":"core/lifecycle.go:83","msg":"Remote config fetched"}
{"level":"debug","time":"2023-08-11T15:47:24.411+0530","caller":"apiserver/setup.go:154","msg":"Starting API server"}
{"level":"debug","time":"2023-08-11T15:47:24.411+0530","caller":"networkscanner/setup.go:97","msg":"Trying on port 443"}
{"level":"debug","time":"2023-08-11T15:47:24.411+0530","caller":"networkscanner/setup.go:63","msg":"Trying on port 22"}
{"level":"debug","time":"2023-08-11T15:47:24.411+0530","caller":"callback/setup.go:51","msg":"Starting the callback agent"}
{"level":"debug","time":"2023-08-11T15:47:24.412+0530","caller":"apiserver/setup.go:136","msg":"Starting API server for tunnel info on port: 61541"}
{"level":"debug","time":"2023-08-11T15:47:24.411+0530","caller":"custom/setup.go:736","msg":"Starting sink proxy"}
{"level":"debug","time":"2023-08-11T15:47:24.411+0530","caller":"networkscanner/setup.go:131","msg":"Trying over ssh over ws"}
{"level":"info","time":"2023-08-11T15:47:24.413+0530","caller":"custom/setup.go:683","msg":"Tunnel binary started on port :9090"}
{"level":"debug","time":"2023-08-11T15:47:24.633+0530","caller":"networkscanner/setup.go:148","msg":"WSS connection was successful"}
{"level":"debug","time":"2023-08-11T15:47:25.619+0530","caller":"networkscanner/setup.go:173","msg":"SSH connection over ws successful"}
{"level":"debug","time":"2023-08-11T15:47:25.621+0530","caller":"networkscanner/setup.go:118","msg":"SSH connection over port 443 successful"}
{"level":"debug","time":"2023-08-11T15:47:25.784+0530","caller":"networkscanner/setup.go:84","msg":"SSH connection over port 22 successful"}
{"level":"info","time":"2023-08-11T15:47:25.784+0530","caller":"core/lifecycle.go:120","msg":"Using ssh(over_22) :: connection mode"}
{"level":"info","time":"2023-08-11T15:47:25.784+0530","caller":"core/lifecycle.go:250","msg":"Launching tunnel"}
{"level":"debug","time":"2023-08-11T15:47:25.785+0530","caller":"ws/control.go:34","msg":"Starting control ws connection at wss://ts.lambdatest.com/monitor"}
{"level":"debug","time":"2023-08-11T15:47:27.190+0530","caller":"ws/control.go:72","msg":"Control ws channel opened"}
{"level":"debug","time":"2023-08-11T15:47:27.190+0530","caller":"ws/control.go:131","msg":"Starting message listener on control connection"}
{"level":"debug","time":"2023-08-11T15:47:28.532+0530","caller":"ws/control.go:196","msg":"Tunnel registered message received on control channel"}
{"level":"debug","time":"2023-08-11T15:47:28.532+0530","caller":"ssh/setup.go:71","msg":"Using 5 ssh connection"}
{"level":"debug","time":"2023-08-11T15:47:28.532+0530","caller":"ws/control.go:200","msg":"controller bus registered"}
{"level":"debug","time":"2023-08-11T15:47:28.532+0530","caller":"core/lifecycle.go:322","msg":"Sending tunnel registered message to channels"}
{"level":"debug","time":"2023-08-11T15:47:29.881+0530","caller":"ssh/ssh.go:216","msg":"Successfully started sshd listener on port: 2182"}
{"level":"debug","time":"2023-08-11T15:47:29.937+0530","caller":"ssh/ssh.go:216","msg":"Successfully started sshd listener on port: 17140"}
{"level":"info","time":"2023-08-11T15:47:29.938+0530","caller":"core/lifecycle.go:336","msg":"You can start testing now"}
{"level":"info","time":"2023-08-11T15:47:29.938+0530","caller":"core/lifecycle.go:337","msg":"Tunnel ID: 4430191"}
{"level":"debug","time":"2023-08-11T15:47:29.938+0530","caller":"core/lifecycle.go:338","msg":"Remote Listener Started on Port 8722"}
{"level":"debug","time":"2023-08-11T15:47:29.938+0530","caller":"ssh/ssh.go:216","msg":"Successfully started sshd listener on port: 11243"}
{"level":"debug","time":"2023-08-11T15:47:29.939+0530","caller":"ssh/ssh.go:216","msg":"Successfully started sshd listener on port: 5655"}
{"level":"debug","time":"2023-08-11T15:47:30.016+0530","caller":"ssh/ssh.go:216","msg":"Successfully started sshd listener on port: 28486"}
{"level":"debug","time":"2023-08-11T15:47:36.221+0530","caller":"custom/setup.go:495","msg":"handling connect request for URL https://accounts.google.com:443"}
{"level":"debug","time":"2023-08-11T15:47:36.959+0530","caller":"custom/setup.go:346","msg":"handle http request for localhost:58477"}
{"level":"debug","time":"2023-08-11T15:47:36.969+0530","caller":"custom/setup.go:462","msg":"Response &{200 OK 200 HTTP/1.1 1 1 map[Accept-Ranges:[bytes] Cache-Control:[no-cache] Connection:[keep-alive] Content-Disposition:[inline; filename=\"index.html\"] Content-Encoding:[gzip] Content-Type:[text/html; charset=utf-8] Date:[Fri, 11 Aug 2023 10:17:36 GMT] Etag:[\"6085a0f52a015fc95b701a46ee605a8d13d7f2cf\"] Keep-Alive:[timeout=5] Vary:[Accept-Encoding]] 0xc00004ae00 -1 [chunked] false false map[] 0xc000660800 <nil>} for http request from host localhost:58477"}
{"level":"debug","time":"2023-08-11T15:47:37.186+0530","caller":"custom/setup.go:346","msg":"handle http request for localhost:58477"}
{"level":"debug","time":"2023-08-11T15:47:37.189+0530","caller":"custom/setup.go:346","msg":"handle http request for localhost:58477"}
{"level":"debug","time":"2023-08-11T15:47:37.201+0530","caller":"custom/setup.go:462","msg":"Response &{200 OK 200 HTTP/1.1 1 1 map[Accept-Ranges:[bytes] Cache-Control:[no-cache] Connection:[keep-alive] Content-Disposition:[inline; filename=\"fira.css\"] Content-Length:[809] Content-Type:[text/css; charset=utf-8] Date:[Fri, 11 Aug 2023 10:17:37 GMT] Etag:[\"54a18faf81209ab0888b5f63958318d9bbfba36e\"] Keep-Alive:[timeout=5] Vary:[Accept-Encoding]] 0xc00031a200 809 [] false false map[] 0xc000660a00 <nil>} for http request from host localhost:58477"}
{"level":"debug","time":"2023-08-11T15:47:37.203+0530","caller":"custom/setup.go:462","msg":"Response &{200 OK 200 HTTP/1.1 1 1 map[Accept-Ranges:[bytes] Cache-Control:[no-cache] Connection:[keep-alive] Content-Disposition:[inline; filename=\"bootstrap.min.css\"] Content-Encoding:[gzip] Content-Type:[text/css; charset=utf-8] Date:[Fri, 11 Aug 2023 10:17:37 GMT] Etag:[\"19b739daea75d9bc1482a7ad55cd0ac19be66bff\"] Keep-Alive:[timeout=5] Vary:[Accept-Encoding]] 0xc0005a4540 -1 [chunked] false false map[] 0xc000660900 <nil>} for http request from host localhost:58477"}
{"level":"debug","time":"2023-08-11T15:47:37.366+0530","caller":"custom/setup.go:346","msg":"handle http request for localhost:58477"}
{"level":"debug","time":"2023-08-11T15:47:37.375+0530","caller":"custom/setup.go:462","msg":"Response &{200 OK 200 HTTP/1.1 1 1 map[Accept-Ranges:[bytes] Cache-Control:[no-cache] Connection:[keep-alive] Content-Disposition:[inline; filename=\"bootstrap.min.js\"] Content-Encoding:[gzip] Content-Type:[application/javascript; charset=utf-8] Date:[Fri, 11 Aug 2023 10:17:37 GMT] Etag:[\"fe5f745aba26d78edc6a2eb9eaa7b3c7c012cdee\"] Keep-Alive:[timeout=5] Vary:[Accept-Encoding]] 0xc0003a8800 -1 [chunked] false false map[] 0xc00029a800 <nil>} for http request from host localhost:58477"}
{"level":"debug","time":"2023-08-11T15:47:37.386+0530","caller":"custom/setup.go:346","msg":"handle http request for localhost:58477"}
{"level":"debug","time":"2023-08-11T15:47:37.396+0530","caller":"custom/setup.go:462","msg":"Response &{200 OK 200 HTTP/1.1 1 1 map[Accept-Ranges:[bytes] Cache-Control:[no-cache] Connection:[keep-alive] Content-Disposition:[inline; filename=\"highlight.pack.js\"] Content-Encoding:[gzip] Content-Type:[application/javascript; charset=utf-8] Date:[Fri, 11 Aug 2023 10:17:37 GMT] Etag:[\"83f4a18ab39d07a2e2295841ec3ae4592c217b57\"] Keep-Alive:[timeout=5] Vary:[Accept-Encoding]] 0xc0005a43c0 -1 [chunked] false false map[] 0xc000120b00 <nil>} for http request from host localhost:58477"}
{"level":"debug","time":"2023-08-11T15:47:37.401+0530","caller":"custom/setup.go:346","msg":"handle http request for localhost:58477"}
{"level":"debug","time":"2023-08-11T15:47:37.401+0530","caller":"custom/setup.go:346","msg":"handle http request for localhost:58477"}
{"level":"debug","time":"2023-08-11T15:47:37.401+0530","caller":"custom/setup.go:346","msg":"handle http request for localhost:58477"}
{"level":"debug","time":"2023-08-11T15:47:37.415+0530","caller":"custom/setup.go:462","msg":"Response &{200 OK 200 HTTP/1.1 1 1 map[Accept-Ranges:[bytes] Cache-Control:[no-cache] Connection:[keep-alive] Content-Disposition:[inline; filename=\"styles.css\"] Content-Encoding:[gzip] Content-Type:[text/css; charset=utf-8] Date:[Fri, 11 Aug 2023 10:17:37 GMT] Etag:[\"b87593745afcbfbbff6937d1fc8cb20f8e8f49b1\"] Keep-Alive:[timeout=5] Vary:[Accept-Encoding]] 0xc0005a4580 -1 [chunked] false false map[] 0xc00029aa00 <nil>} for http request from host localhost:58477"}
{"level":"debug","time":"2023-08-11T15:47:37.415+0530","caller":"custom/setup.go:462","msg":"Response &{200 OK 200 HTTP/1.1 1 1 map[Accept-Ranges:[bytes] Cache-Control:[no-cache] Connection:[keep-alive] Content-Disposition:[inline; filename=\"scripts.js\"] Content-Encoding:[gzip] Content-Type:[application/javascript; charset=utf-8] Date:[Fri, 11 Aug 2023 10:17:37 GMT] Etag:[\"75cc260371c417ae6e8f871c25e875e7d4281201\"] Keep-Alive:[timeout=5] Vary:[Accept-Encoding]] 0xc0005a4600 -1 [chunked] false false map[] 0xc0000de500 <nil>} for http request from host localhost:58477"}
{"level":"debug","time":"2023-08-11T15:47:37.417+0530","caller":"custom/setup.go:462","msg":"Response &{200 OK 200 HTTP/1.1 1 1 map[Accept-Ranges:[bytes] Cache-Control:[no-cache] Connection:[keep-alive] Content-Disposition:[inline; filename=\"jquery-1.12.0.min.js\"] Content-Encoding:[gzip] Content-Type:[application/javascript; charset=utf-8] Date:[Fri, 11 Aug 2023 10:17:37 GMT] Etag:[\"922e2448b9ec18cecc33c2fd98d22b72b509978f\"] Keep-Alive:[timeout=5] Vary:[Accept-Encoding]] 0xc0005a4680 -1 [chunked] false false map[] 0xc000120d00 <nil>} for http request from host localhost:58477"}
{"level":"debug","time":"2023-08-11T15:47:37.729+0530","caller":"custom/setup.go:346","msg":"handle http request for localhost:58477"}
{"level":"debug","time":"2023-08-11T15:47:37.734+0530","caller":"custom/setup.go:346","msg":"handle http request for localhost:58477"}
{"level":"debug","time":"2023-08-11T15:47:37.753+0530","caller":"custom/setup.go:462","msg":"Response &{200 OK 200 HTTP/1.1 1 1 map[Accept-Ranges:[bytes] Cache-Control:[no-cache] Connection:[keep-alive] Content-Disposition:[inline; filename=\"FiraSans-Medium.woff\"] Content-Length:[186824] Content-Type:[application/font-woff] Date:[Fri, 11 Aug 2023 10:17:37 GMT] Etag:[\"0b7063d150bf8d87078327a176d975262213beda\"] Keep-Alive:[timeout=5]] 0xc000624540 186824 [] false false map[] 0xc000256300 <nil>} for http request from host localhost:58477"}
{"level":"debug","time":"2023-08-11T15:47:37.755+0530","caller":"custom/setup.go:462","msg":"Response &{200 OK 200 HTTP/1.1 1 1 map[Accept-Ranges:[bytes] Cache-Control:[no-cache] Connection:[keep-alive] Content-Disposition:[inline; filename=\"FiraSans-Regular.woff\"] Content-Length:[183268] Content-Type:[application/font-woff] Date:[Fri, 11 Aug 2023 10:17:37 GMT] Etag:[\"f44bd1298ac6792bee60892de6ae996e03612035\"] Keep-Alive:[timeout=5]] 0xc00004a580 183268 [] false false map[] 0xc000660800 <nil>} for http request from host localhost:58477"}
{"level":"debug","time":"2023-08-11T15:47:38.679+0530","caller":"custom/setup.go:346","msg":"handle http request for localhost:58477"}
{"level":"debug","time":"2023-08-11T15:47:38.687+0530","caller":"custom/setup.go:462","msg":"Response &{200 OK 200 HTTP/1.1 1 1 map[Accept-Ranges:[bytes] Cache-Control:[no-cache] Connection:[keep-alive] Content-Disposition:[inline; filename=\"favicon.ico\"] Content-Encoding:[gzip] Content-Type:[image/x-icon] Date:[Fri, 11 Aug 2023 10:17:38 GMT] Etag:[\"a719c15055a554782642a871e6bd434d5b895034\"] Keep-Alive:[timeout=5] Vary:[Accept-Encoding]] 0xc000624980 -1 [chunked] false false map[] 0xc000660900 <nil>} for http request from host localhost:58477"}
{"level":"debug","time":"2023-08-11T15:48:31.180+0530","caller":"ulimit/ulimit.go:35","msg":"File descriptor limit 61440"}
{"level":"info","time":"2023-08-11T15:48:31.406+0530","caller":"cmd/lt.go:183","msg":"LambdaTest Tunnel version: 3.1.31"}
{"level":"debug","time":"2023-08-11T15:48:31.407+0530","caller":"core/lifecycle.go:41","msg":"Starting pipeline....."}
{"level":"debug","time":"2023-08-11T15:48:31.407+0530","caller":"core/lifecycle.go:42","msg":"OS: darwin, Arch: amd64"}
{"level":"debug","time":"2023-08-11T15:48:31.407+0530","caller":"core/lifecycle.go:43","msg":"Fetching config"}
{"level":"warn","time":"2023-08-11T15:48:31.407+0530","caller":"configmanager/setup.go:79","msg":"Tunnel Name was not specified, using: 6842a819-b318-4ec1-b499-77e7e139e2a9"}
{"level":"debug","time":"2023-08-11T15:48:31.408+0530","caller":"core/lifecycle.go:65","msg":"Starting tunnel With flags: --user mohammadk --key ***** --infoAPIPort 61877 --callbackURL http://127.0.0.1:61878"}
{"level":"debug","time":"2023-08-11T15:48:32.033+0530","caller":"core/lifecycle.go:83","msg":"Remote config fetched"}
{"level":"debug","time":"2023-08-11T15:48:32.369+0530","caller":"callback/setup.go:51","msg":"Starting the callback agent"}
{"level":"debug","time":"2023-08-11T15:48:32.369+0530","caller":"apiserver/setup.go:154","msg":"Starting API server"}
{"level":"debug","time":"2023-08-11T15:48:32.369+0530","caller":"networkscanner/setup.go:63","msg":"Trying on port 22"}
{"level":"debug","time":"2023-08-11T15:48:32.369+0530","caller":"networkscanner/setup.go:131","msg":"Trying over ssh over ws"}
{"level":"debug","time":"2023-08-11T15:48:32.369+0530","caller":"networkscanner/setup.go:97","msg":"Trying on port 443"}
{"level":"debug","time":"2023-08-11T15:48:32.369+0530","caller":"custom/setup.go:736","msg":"Starting sink proxy"}
{"level":"debug","time":"2023-08-11T15:48:32.369+0530","caller":"apiserver/setup.go:136","msg":"Starting API server for tunnel info on port: 61877"}
{"level":"info","time":"2023-08-11T15:48:32.370+0530","caller":"custom/setup.go:683","msg":"Tunnel binary started on port :9090"}
{"level":"debug","time":"2023-08-11T15:48:32.607+0530","caller":"networkscanner/setup.go:148","msg":"WSS connection was successful"}
{"level":"debug","time":"2023-08-11T15:48:33.580+0530","caller":"networkscanner/setup.go:118","msg":"SSH connection over port 443 successful"}
{"level":"debug","time":"2023-08-11T15:48:33.585+0530","caller":"networkscanner/setup.go:173","msg":"SSH connection over ws successful"}
{"level":"debug","time":"2023-08-11T15:48:33.641+0530","caller":"networkscanner/setup.go:84","msg":"SSH connection over port 22 successful"}
{"level":"info","time":"2023-08-11T15:48:33.641+0530","caller":"core/lifecycle.go:120","msg":"Using ssh(over_22) :: connection mode"}
{"level":"info","time":"2023-08-11T15:48:33.641+0530","caller":"core/lifecycle.go:250","msg":"Launching tunnel"}
{"level":"debug","time":"2023-08-11T15:48:33.642+0530","caller":"ws/control.go:34","msg":"Starting control ws connection at wss://ts.lambdatest.com/monitor"}
{"level":"debug","time":"2023-08-11T15:48:37.528+0530","caller":"ws/control.go:72","msg":"Control ws channel opened"}
{"level":"debug","time":"2023-08-11T15:48:37.529+0530","caller":"ws/control.go:131","msg":"Starting message listener on control connection"}
{"level":"debug","time":"2023-08-11T15:48:39.201+0530","caller":"ws/control.go:196","msg":"Tunnel registered message received on control channel"}
{"level":"debug","time":"2023-08-11T15:48:39.201+0530","caller":"ws/control.go:200","msg":"controller bus registered"}
{"level":"debug","time":"2023-08-11T15:48:39.201+0530","caller":"ssh/setup.go:71","msg":"Using 5 ssh connection"}
{"level":"debug","time":"2023-08-11T15:48:39.201+0530","caller":"core/lifecycle.go:322","msg":"Sending tunnel registered message to channels"}
{"level":"debug","time":"2023-08-11T15:48:40.283+0530","caller":"ssh/ssh.go:216","msg":"Successfully started sshd listener on port: 6079"}
{"level":"debug","time":"2023-08-11T15:48:40.380+0530","caller":"ssh/ssh.go:216","msg":"Successfully started sshd listener on port: 24818"}
{"level":"info","time":"2023-08-11T15:48:40.380+0530","caller":"core/lifecycle.go:336","msg":"You can start testing now"}
{"level":"info","time":"2023-08-11T15:48:40.380+0530","caller":"core/lifecycle.go:337","msg":"Tunnel ID: 4430202"}
{"level":"debug","time":"2023-08-11T15:48:40.380+0530","caller":"core/lifecycle.go:338","msg":"Remote Listener Started on Port 8372"}
{"level":"debug","time":"2023-08-11T15:48:40.392+0530","caller":"ssh/ssh.go:216","msg":"Successfully started sshd listener on port: 28835"}
{"level":"debug","time":"2023-08-11T15:48:40.523+0530","caller":"ssh/ssh.go:216","msg":"Successfully started sshd listener on port: 4057"}
{"level":"debug","time":"2023-08-11T15:48:40.523+0530","caller":"ssh/ssh.go:216","msg":"Successfully started sshd listener on port: 23571"}
{"level":"debug","time":"2023-08-11T15:48:46.586+0530","caller":"custom/setup.go:495","msg":"handling connect request for URL https://accounts.google.com:443"}
{"level":"debug","time":"2023-08-11T15:48:47.345+0530","caller":"custom/setup.go:346","msg":"handle http request for localhost:58477"}
{"level":"debug","time":"2023-08-11T15:48:47.353+0530","caller":"custom/setup.go:462","msg":"Response &{200 OK 200 HTTP/1.1 1 1 map[Accept-Ranges:[bytes] Cache-Control:[no-cache] Connection:[keep-alive] Content-Disposition:[inline; filename=\"index.html\"] Content-Encoding:[gzip] Content-Type:[text/html; charset=utf-8] Date:[Fri, 11 Aug 2023 10:18:47 GMT] Etag:[\"6085a0f52a015fc95b701a46ee605a8d13d7f2cf\"] Keep-Alive:[timeout=5] Vary:[Accept-Encoding]] 0xc000378580 -1 [chunked] false false map[] 0xc0000f0800 <nil>} for http request from host localhost:58477"}
{"level":"debug","time":"2023-08-11T15:48:47.603+0530","caller":"custom/setup.go:346","msg":"handle http request for localhost:58477"}
{"level":"debug","time":"2023-08-11T15:48:47.603+0530","caller":"custom/setup.go:346","msg":"handle http request for localhost:58477"}
{"level":"debug","time":"2023-08-11T15:48:47.624+0530","caller":"custom/setup.go:462","msg":"Response &{200 OK 200 HTTP/1.1 1 1 map[Accept-Ranges:[bytes] Cache-Control:[no-cache] Connection:[keep-alive] Content-Disposition:[inline; filename=\"fira.css\"] Content-Length:[809] Content-Type:[text/css; charset=utf-8] Date:[Fri, 11 Aug 2023 10:18:47 GMT] Etag:[\"54a18faf81209ab0888b5f63958318d9bbfba36e\"] Keep-Alive:[timeout=5] Vary:[Accept-Encoding]] 0xc00004a400 809 [] false false map[] 0xc0000f0900 <nil>} for http request from host localhost:58477"}
{"level":"debug","time":"2023-08-11T15:48:47.628+0530","caller":"custom/setup.go:462","msg":"Response &{200 OK 200 HTTP/1.1 1 1 map[Accept-Ranges:[bytes] Cache-Control:[no-cache] Connection:[keep-alive] Content-Disposition:[inline; filename=\"bootstrap.min.css\"] Content-Encoding:[gzip] Content-Type:[text/css; charset=utf-8] Date:[Fri, 11 Aug 2023 10:18:47 GMT] Etag:[\"19b739daea75d9bc1482a7ad55cd0ac19be66bff\"] Keep-Alive:[timeout=5] Vary:[Accept-Encoding]] 0xc0003fc140 -1 [chunked] false false map[] 0xc0005da700 <nil>} for http request from host localhost:58477"}
{"level":"debug","time":"2023-08-11T15:48:47.783+0530","caller":"custom/setup.go:346","msg":"handle http request for localhost:58477"}
{"level":"debug","time":"2023-08-11T15:48:47.787+0530","caller":"custom/setup.go:346","msg":"handle http request for localhost:58477"}
{"level":"debug","time":"2023-08-11T15:48:47.794+0530","caller":"custom/setup.go:462","msg":"Response &{200 OK 200 HTTP/1.1 1 1 map[Accept-Ranges:[bytes] Cache-Control:[no-cache] Connection:[keep-alive] Content-Disposition:[inline; filename=\"styles.css\"] Content-Encoding:[gzip] Content-Type:[text/css; charset=utf-8] Date:[Fri, 11 Aug 2023 10:18:47 GMT] Etag:[\"b87593745afcbfbbff6937d1fc8cb20f8e8f49b1\"] Keep-Alive:[timeout=5] Vary:[Accept-Encoding]] 0xc0003fc940 -1 [chunked] false false map[] 0xc0005daa00 <nil>} for http request from host localhost:58477"}
{"level":"debug","time":"2023-08-11T15:48:47.794+0530","caller":"custom/setup.go:462","msg":"Response &{200 OK 200 HTTP/1.1 1 1 map[Accept-Ranges:[bytes] Cache-Control:[no-cache] Connection:[keep-alive] Content-Disposition:[inline; filename=\"bootstrap.min.js\"] Content-Encoding:[gzip] Content-Type:[application/javascript; charset=utf-8] Date:[Fri, 11 Aug 2023 10:18:47 GMT] Etag:[\"fe5f745aba26d78edc6a2eb9eaa7b3c7c012cdee\"] Keep-Alive:[timeout=5] Vary:[Accept-Encoding]] 0xc0005a6100 -1 [chunked] false false map[] 0xc0000f0b00 <nil>} for http request from host localhost:58477"}
{"level":"debug","time":"2023-08-11T15:48:47.833+0530","caller":"custom/setup.go:346","msg":"handle http request for localhost:58477"}
{"level":"debug","time":"2023-08-11T15:48:47.836+0530","caller":"custom/setup.go:346","msg":"handle http request for localhost:58477"}
{"level":"debug","time":"2023-08-11T15:48:47.836+0530","caller":"custom/setup.go:346","msg":"handle http request for localhost:58477"}
{"level":"debug","time":"2023-08-11T15:48:47.845+0530","caller":"custom/setup.go:462","msg":"Response &{200 OK 200 HTTP/1.1 1 1 map[Accept-Ranges:[bytes] Cache-Control:[no-cache] Connection:[keep-alive] Content-Disposition:[inline; filename=\"scripts.js\"] Content-Encoding:[gzip] Content-Type:[application/javascript; charset=utf-8] Date:[Fri, 11 Aug 2023 10:18:47 GMT] Etag:[\"75cc260371c417ae6e8f871c25e875e7d4281201\"] Keep-Alive:[timeout=5] Vary:[Accept-Encoding]] 0xc00004a5c0 -1 [chunked] false false map[] 0xc0005dab00 <nil>} for http request from host localhost:58477"}
{"level":"debug","time":"2023-08-11T15:48:47.845+0530","caller":"custom/setup.go:462","msg":"Response &{200 OK 200 HTTP/1.1 1 1 map[Accept-Ranges:[bytes] Cache-Control:[no-cache] Connection:[keep-alive] Content-Disposition:[inline; filename=\"jquery-1.12.0.min.js\"] Content-Encoding:[gzip] Content-Type:[application/javascript; charset=utf-8] Date:[Fri, 11 Aug 2023 10:18:47 GMT] Etag:[\"922e2448b9ec18cecc33c2fd98d22b72b509978f\"] Keep-Alive:[timeout=5] Vary:[Accept-Encoding]] 0xc00004a640 -1 [chunked] false false map[] 0xc0000f0d00 <nil>} for http request from host localhost:58477"}
{"level":"debug","time":"2023-08-11T15:48:47.847+0530","caller":"custom/setup.go:462","msg":"Response &{200 OK 200 HTTP/1.1 1 1 map[Accept-Ranges:[bytes] Cache-Control:[no-cache] Connection:[keep-alive] Content-Disposition:[inline; filename=\"highlight.pack.js\"] Content-Encoding:[gzip] Content-Type:[application/javascript; charset=utf-8] Date:[Fri, 11 Aug 2023 10:18:47 GMT] Etag:[\"83f4a18ab39d07a2e2295841ec3ae4592c217b57\"] Keep-Alive:[timeout=5] Vary:[Accept-Encoding]] 0xc00004a6c0 -1 [chunked] false false map[] 0xc0000f0e00 <nil>} for http request from host localhost:58477"}
{"level":"debug","time":"2023-08-11T15:48:48.061+0530","caller":"custom/setup.go:346","msg":"handle http request for localhost:58477"}
{"level":"debug","time":"2023-08-11T15:48:48.061+0530","caller":"custom/setup.go:346","msg":"handle http request for localhost:58477"}
{"level":"debug","time":"2023-08-11T15:48:48.077+0530","caller":"custom/setup.go:462","msg":"Response &{200 OK 200 HTTP/1.1 1 1 map[Accept-Ranges:[bytes] Cache-Control:[no-cache] Connection:[keep-alive] Content-Disposition:[inline; filename=\"FiraSans-Regular.woff\"] Content-Length:[183268] Content-Type:[application/font-woff] Date:[Fri, 11 Aug 2023 10:18:48 GMT] Etag:[\"f44bd1298ac6792bee60892de6ae996e03612035\"] Keep-Alive:[timeout=5]] 0xc0003782c0 183268 [] false false map[] 0xc0005d4400 <nil>} for http request from host localhost:58477"}
{"level":"debug","time":"2023-08-11T15:48:48.077+0530","caller":"custom/setup.go:462","msg":"Response &{200 OK 200 HTTP/1.1 1 1 map[Accept-Ranges:[bytes] Cache-Control:[no-cache] Connection:[keep-alive] Content-Disposition:[inline; filename=\"FiraSans-Medium.woff\"] Content-Length:[186824] Content-Type:[application/font-woff] Date:[Fri, 11 Aug 2023 10:18:48 GMT] Etag:[\"0b7063d150bf8d87078327a176d975262213beda\"] Keep-Alive:[timeout=5]] 0xc0003783c0 186824 [] false false map[] 0xc0000f1500 <nil>} for http request from host localhost:58477"}
{"level":"debug","time":"2023-08-11T15:48:49.896+0530","caller":"custom/setup.go:346","msg":"handle http request for localhost:58477"}
{"level":"debug","time":"2023-08-11T15:48:49.904+0530","caller":"custom/setup.go:462","msg":"Response &{200 OK 200 HTTP/1.1 1 1 map[Accept-Ranges:[bytes] Cache-Control:[no-cache] Connection:[keep-alive] Content-Disposition:[inline; filename=\"favicon.ico\"] Content-Encoding:[gzip] Content-Type:[image/x-icon] Date:[Fri, 11 Aug 2023 10:18:49 GMT] Etag:[\"a719c15055a554782642a871e6bd434d5b895034\"] Keep-Alive:[timeout=5] Vary:[Accept-Encoding]] 0xc00004a640 -1 [chunked] false false map[] 0xc000130500 <nil>} for http request from host localhost:58477"}
{"level":"debug","time":"2023-08-11T15:48:52.030+0530","caller":"core/lifecycle.go:379","msg":"Context cancelled"}
{"level":"info","time":"2023-08-11T15:48:52.030+0530","caller":"core/lifecycle.go:381","msg":"Stopping tunnel"}
{"level":"debug","time":"2023-08-11T15:48:52.030+0530","caller":"callback/setup.go:115","msg":"Shutting down the callback agent"}
{"level":"debug","time":"2023-08-11T15:48:52.030+0530","caller":"custom/setup.go:724","msg":"Exiting the sink proxy"}
{"level":"debug","time":"2023-08-11T15:48:52.030+0530","caller":"apiserver/setup.go:132","msg":"Shutting down the server"}
{"level":"debug","time":"2023-08-11T15:48:52.031+0530","caller":"ws/control.go:140","msg":"Unusual close error on control channel..."}
{"level":"debug","time":"2023-08-11T15:48:52.031+0530","caller":"ws/control.go:193","msg":"Write loop ended for control channel"}
{"level":"debug","time":"2023-08-11T15:48:52.969+0530","caller":"ssh/ssh.go:222","msg":"Remote connection on remote port: 23571 closed, reason: EOF"}
{"level":"debug","time":"2023-08-11T15:48:52.969+0530","caller":"ssh/ssh.go:222","msg":"Remote connection on remote port: 6079 closed, reason: EOF"}
{"level":"debug","time":"2023-08-11T15:48:52.969+0530","caller":"ssh/ssh.go:222","msg":"Remote connection on remote port: 24818 closed, reason: EOF"}
{"level":"debug","time":"2023-08-11T15:48:52.969+0530","caller":"ssh/ssh.go:222","msg":"Remote connection on remote port: 4057 closed, reason: EOF"}
{"level":"debug","time":"2023-08-11T15:48:52.970+0530","caller":"ssh/ssh.go:244","msg":"closed ssh connection with port 24818"}
{"level":"debug","time":"2023-08-11T15:48:52.970+0530","caller":"ssh/ssh.go:244","msg":"closed ssh connection with port 4057"}
{"level":"debug","time":"2023-08-11T15:48:52.970+0530","caller":"ssh/ssh.go:244","msg":"closed ssh connection with port 6079"}
{"level":"debug","time":"2023-08-11T15:48:52.970+0530","caller":"ssh/ssh.go:244","msg":"closed ssh connection with port 23571"}
{"level":"debug","time":"2023-08-11T15:48:52.969+0530","caller":"ssh/ssh.go:222","msg":"Remote connection on remote port: 28835 closed, reason: EOF"}
{"level":"debug","time":"2023-08-11T15:48:52.970+0530","caller":"ssh/ssh.go:244","msg":"closed ssh connection with port 28835"}
{"level":"info","time":"2023-08-11T15:48:53.112+0530","caller":"core/lifecycle.go:388","msg":"Tunnel stopped successfully"}
{"level":"debug","time":"2023-08-11T15:48:53.112+0530","caller":"core/lifecycle.go:390","msg":"Quit requested from main goroutine...."}
{"level":"debug","time":"2023-08-11T15:48:53.112+0530","caller":"core/lifecycle.go:391","msg":"Waiting for the goroutines to exit"}
{"level":"debug","time":"2023-08-11T15:48:53.112+0530","caller":"core/lifecycle.go:393","msg":"All goroutines exited"}
{"level":"debug","time":"2023-08-11T15:48:53.112+0530","caller":"cmd/lt.go:239","msg":"main: all goroutines have finished."}
